{"name": "test_homepage_has_Playwright_in_title_and_get_started_link_linking_to_the_intro_page[chromium]", "status": "failed", "statusDetails": {"message": "AssertionError: Locator expected to be visible\nActual value: None \nCall log:\nLocatorAssertions.to_be_visible with timeout 5000ms\nwaiting for get_by_role(\"img\", name=\"client brand banner\")\n  unexpected value \"hidden\"\nwaiting for get_by_role(\"img\", name=\"client brand banner\")\n  unexpected value \"hidden\"\n  unexpected value \"hidden\"\n  unexpected value \"hidden\"\n  unexpected value \"hidden\"\n  unexpected value \"hidden\"\n  unexpected value \"hidden\"\n  unexpected value \"hidden\"\n  unexpected value \"hidden\"", "trace": "page = <Page url='http://65.21.1.10:9099/web/index.php/auth/login'>\ncaplog = <_pytest.logging.LogCaptureFixture object at 0x723d0c4040>\n\n    def test_homepage_has_Playwright_in_title_and_get_started_link_linking_to_the_intro_page(page: Page, caplog):\n        caplog.set_level(logging.INFO)\n        page.goto(\"http://65.21.1.10:9099\")\n    \n        # Expect a title \"to contain\" a substring.\n        expect(page).to_have_title(re.compile(\"OrangeHRM\"))\n        page.get_by_placeholder('username').fill('zubbyik')\n        page.get_by_placeholder('password').fill('!1Winner75')\n        page.get_by_role('button', name='Login')\n        client_banner = page.get_by_role('img', name=\"client brand banner\")\n>       expect(client_banner).to_be_visible()\nE       AssertionError: Locator expected to be visible\nE       Actual value: None \nE       Call log:\nE       LocatorAssertions.to_be_visible with timeout 5000ms\nE       waiting for get_by_role(\"img\", name=\"client brand banner\")\nE         unexpected value \"hidden\"\nE       waiting for get_by_role(\"img\", name=\"client brand banner\")\nE         unexpected value \"hidden\"\nE         unexpected value \"hidden\"\nE         unexpected value \"hidden\"\nE         unexpected value \"hidden\"\nE         unexpected value \"hidden\"\nE         unexpected value \"hidden\"\nE         unexpected value \"hidden\"\nE         unexpected value \"hidden\"\n\ntest_my_application.py:16: AssertionError"}, "parameters": [{"name": "browser_name", "value": "'chromium'"}], "start": 1675982949264, "stop": 1675982959056, "uuid": "70fa25a0-d4de-40b7-8443-3142d2143cad", "historyId": "cd8ed96dead2dc672913794c4ca2f385", "testCaseId": "c30112ac1dc911cbb0b91ec7b5c9fed5", "fullName": "test_my_application#test_homepage_has_Playwright_in_title_and_get_started_link_linking_to_the_intro_page", "labels": [{"name": "suite", "value": "test_my_application"}, {"name": "host", "value": "localhost"}, {"name": "thread", "value": "21843-MainThread"}, {"name": "framework", "value": "pytest"}, {"name": "language", "value": "cpython3"}, {"name": "package", "value": "test_my_application"}]}